<?xml version="1.0" encoding="UTF-8"?>
<!-- Generated by org.testng.reporters.JUnitXMLReporter -->
<testsuite ignored="0" hostname="LAPTOP-ND2NTOLJ" failures="1" tests="1" name="FREE CRM Test" time="4.677" errors="0" timestamp="19 Jan 2025 09:23:15 GMT">
  <testcase classname="MyRunner.TestRunner" name="feature" time="4.211">
    <failure type="cucumber.runtime.CucumberException" message="java.lang.NullPointerException: null value in entry: url=null">
      <![CDATA[cucumber.runtime.CucumberException: java.lang.NullPointerException: null value in entry: url=null
at cucumber.api.testng.TestNGCucumberRunner.runCucumber(TestNGCucumberRunner.java:69)
at MyRunner.TestRunner.feature(TestRunner.java:27)
at java.base/java.util.concurrent.FutureTask.run(FutureTask.java:264)
at java.base/java.util.concurrent.ThreadPoolExecutor.runWorker(ThreadPoolExecutor.java:1130)
at java.base/java.util.concurrent.ThreadPoolExecutor$Worker.run(ThreadPoolExecutor.java:630)
at java.base/java.lang.Thread.run(Thread.java:832)
Caused by: java.lang.NullPointerException: null value in entry: url=null
at com.google.common.collect.CollectPreconditions.checkEntryNotNull(CollectPreconditions.java:33)
at com.google.common.collect.SingletonImmutableBiMap.<init>(SingletonImmutableBiMap.java:43)
at com.google.common.collect.ImmutableBiMap.of(ImmutableBiMap.java:83)
at com.google.common.collect.ImmutableMap.of(ImmutableMap.java:130)
at org.openqa.selenium.remote.DriverCommand.GET(DriverCommand.java:191)
at org.openqa.selenium.remote.RemoteWebDriver.get(RemoteWebDriver.java:304)
at Base.DriverManager.openPage(DriverManager.java:30)
at stepDefinitions.LoginStepDefinition.user_already_on_login_page(LoginStepDefinition.java:27)
at ✽.Given user has launched the application(login.feature:5)
... Removed 16 stack frames]]>
    </failure>
  </testcase> <!-- feature -->
</testsuite> <!-- FREE CRM Test -->
