-------------------------------------------------------------------------------
Test set: TestSuite
-------------------------------------------------------------------------------
Tests run: 1, Failures: 1, Errors: 0, Skipped: 0, Time elapsed: 5.218 s <<< FAILURE! - in TestSuite
feature(MyRunner.TestRunner)  Time elapsed: 4.223 s  <<< FAILURE!
cucumber.runtime.CucumberException: java.lang.NullPointerException: null value in entry: url=null
	at MyRunner.TestRunner.feature(TestRunner.java:27)
Caused by: java.lang.NullPointerException: null value in entry: url=null

